2017-04-17 15:10:48,158 INFO  [Log] Test Scenario Configuration started 
2017-04-17 15:10:48,178 INFO  [Log] Initialing HTML reporting 
2017-04-17 15:10:49,158 INFO  [Log] Starting Test Suit Execution 
2017-04-17 15:10:49,158 INFO  [Log] Creating Test suit report 
2017-04-17 15:10:49,900 WARN  [Log] Browser instance value is null 
2017-04-17 15:10:50,721 INFO  [Log] Object repository is created successfully 
2017-04-17 15:10:50,883 INFO  [Log] RateGain-1_RateGain -1 
2017-04-17 15:10:51,267 INFO  [Log] RateGain-2_RateGain -2 
2017-04-17 15:10:51,527 INFO  [Log] RateGain-3_RateGain -3 
2017-04-17 15:10:51,714 INFO  [Log] RateGain-4_RateGain -4 
2017-04-17 15:10:51,891 INFO  [Log] **************************************************************************************** 
2017-04-17 15:10:51,891 INFO  [Log] $$$$$$$$$$$$$$$$$$$$$                 #### Executing Test case: RateGain-5; Description: RateGain -5 For Data: 1       $$$$$$$$$$$$$$$$$$$$$$$$$ 
2017-04-17 15:10:51,891 INFO  [Log] **************************************************************************************** 
2017-04-17 15:11:01,807 INFO  [Log] #### Executing Test case: RateGain-5; Description: RateGain -5 In Chrome Browser for TestData:1 
2017-04-17 15:11:03,824 INFO  [Log] RG-01: Open URL; Action: open URL 
2017-04-17 15:11:08,889 INFO  [Log] RG-02; Not Waited 5000: Milli seconds for Element; Manual Wait is disabled 
2017-04-17 15:11:09,176 INFO  [Log] RG-03: Username; Action: Submited Value 
2017-04-17 15:11:10,177 INFO  [Log] RG-04; Not Waited 1000: Milli seconds for Element; Manual Wait is disabled 
2017-04-17 15:11:10,396 INFO  [Log] RG-05: Password; Action: Submited Value 
2017-04-17 15:11:12,414 INFO  [Log] RG-06; Not Waited 2000: Milli seconds for Element; Manual Wait is disabled 
2017-04-17 15:11:12,920 INFO  [Log] RG-07: clkLogin: Action click 
2017-04-17 15:11:13,933 INFO  [Log] RG-08; Not Waited 1000: Milli seconds for Element; Manual Wait is disabled 
2017-04-17 15:11:17,089 INFO  [Log] RG-09: clkLogin: Action click If 
2017-04-17 15:11:18,098 INFO  [Log] RG-10; Not Waited 1000: Milli seconds for Element; Manual Wait is disabled 
2017-04-17 15:11:18,325 INFO  [Log] RG-11: Username: Action Submit If 
2017-04-17 15:11:19,351 INFO  [Log] RG-12; Not Waited 1000: Milli seconds for Element; Manual Wait is disabled 
2017-04-17 15:11:19,520 INFO  [Log] RG-13: Password: Action Submit If 
2017-04-17 15:11:25,541 INFO  [Log] RG-14; Not Waited 6000: Milli seconds for Element; Manual Wait is disabled 
2017-04-17 15:11:29,163 INFO  [Log] RG-15: clkLogin: Action click If 
2017-04-17 15:11:32,188 INFO  [Log] RG-16; Not Waited 3000: Milli seconds for Element; Manual Wait is disabled 
2017-04-17 15:11:32,713 INFO  [Log] RG-17: ClickAdd: Action click 
2017-04-17 15:11:35,736 INFO  [Log] RG-18; Not Waited 3000: Milli seconds for Element; Manual Wait is disabled 
2017-04-17 15:11:35,868 INFO  [Log] RG-19: SelectIT: Action click 
2017-04-17 15:11:40,859 INFO  [Log] RG-20; Not Waited 5000: Milli seconds for Element; Manual Wait is disabled 
2017-04-17 15:11:41,116 INFO  [Log] RG-21: DropDownSelectIT; Action: Drop Down Select 
2017-04-17 15:11:46,117 INFO  [Log] RG-22; Not Waited 5000: Milli seconds for Element; Manual Wait is disabled 
2017-04-17 15:11:46,387 INFO  [Log] RG-23: ClkGroup; Action: Submited Value 
2017-04-17 15:11:51,388 INFO  [Log] RG-24; Not Waited 5000: Milli seconds for Element; Manual Wait is disabled 
2017-04-17 15:11:59,677 INFO  [Log] RG-25: ClkGroupCnfrm: Action Element is not present moving to next step 
2017-04-17 15:12:04,677 INFO  [Log] RG-26; Not Waited 5000: Milli seconds for Element; Manual Wait is disabled 
2017-04-17 15:12:05,021 INFO  [Log] RG-27: SendDateFormat; Action: Submited Value 
2017-04-17 15:12:10,021 INFO  [Log] RG-28; Not Waited 5000: Milli seconds for Element; Manual Wait is disabled 
2017-04-17 15:12:10,288 INFO  [Log] RG-29: Clientcodekeys; Action: Submit Random Value: 26062; Index No is0 
2017-04-17 15:12:15,288 INFO  [Log] RG-30; Not Waited 5000: Milli seconds for Element; Manual Wait is disabled 
2017-04-17 15:12:15,530 INFO  [Log] RG-31: LastName; Action: Submited Value 
2017-04-17 15:12:18,531 INFO  [Log] RG-32; Not Waited 3000: Milli seconds for Element; Manual Wait is disabled 
2017-04-17 15:12:24,518 INFO  [Log] RG-33: ClkSave: Action click 
